Using pre-set license
Built from '2020.3/staging' branch; Version is '2020.3.14f1 (d0d1bb862f9d) revision 13685179'; Using compiler version '192528614'; Build Type 'Release'
OS: 'Windows 10 Home; OS build 19043.1110; Version 2009; 64bit' Language: 'sv' Physical Memory: 16293 MB
BatchMode: 1, IsHumanControllingUs: 0, StartBugReporterOnCrash: 0, Is64bit: 1, IsPro: 0

 COMMAND LINE ARGUMENTS:
C:\Program Files\Unity\Hub\Editor\2020.3.14f1\Editor\Unity.exe
-adb2
-batchMode
-noUpm
-name
AssetImportWorker0
-projectPath
C:/Users/henri/My first basic project
-logFile
Logs/AssetImportWorker0.log
-srvPort
60768
Successfully changed project path to: C:/Users/henri/My first basic project
C:/Users/henri/My first basic project
Using Asset Import Pipeline V2.
Refreshing native plugins compatible for Editor in 25.28 ms, found 2 plugins.
Preloading 0 native plugins for Editor in 0.00 ms.
Initialize engine version: 2020.3.14f1 (d0d1bb862f9d)
[Subsystems] Discovering subsystems at path C:/Program Files/Unity/Hub/Editor/2020.3.14f1/Editor/Data/Resources/UnitySubsystems
[Subsystems] Discovering subsystems at path C:/Users/henri/My first basic project/Assets
GfxDevice: creating device client; threaded=0
Direct3D:
    Version:  Direct3D 11.0 [level 11.1]
    Renderer: NVIDIA GeForce RTX 3070 (ID=0x2484)
    Vendor:   
    VRAM:     8043 MB
    Driver:   30.0.14.7111
Initialize mono
Mono path[0] = 'C:/Program Files/Unity/Hub/Editor/2020.3.14f1/Editor/Data/Managed'
Mono path[1] = 'C:/Program Files/Unity/Hub/Editor/2020.3.14f1/Editor/Data/MonoBleedingEdge/lib/mono/unityjit'
Mono config path = 'C:/Program Files/Unity/Hub/Editor/2020.3.14f1/Editor/Data/MonoBleedingEdge/etc'
Using monoOptions --debugger-agent=transport=dt_socket,embedding=1,server=y,suspend=n,address=127.0.0.1:56352
Begin MonoManager ReloadAssembly
Registering precompiled unity dll's ...
Register platform support module: C:/Program Files/Unity/Hub/Editor/2020.3.14f1/Editor/Data/PlaybackEngines/WindowsStandaloneSupport/UnityEditor.WindowsStandalone.Extensions.dll
Registered in 0.001697 seconds.
Native extension for WindowsStandalone target not found
Refreshing native plugins compatible for Editor in 21.57 ms, found 2 plugins.
Preloading 0 native plugins for Editor in 0.00 ms.
Mono: successfully reloaded assembly
- Completed reload, in  2.599 seconds
Domain Reload Profiling:
	ReloadAssembly (2599ms)
		BeginReloadAssembly (45ms)
			ExecutionOrderSort (0ms)
			DisableScriptedObjects (0ms)
			BackupInstance (0ms)
			ReleaseScriptingObjects (0ms)
			CreateAndSetChildDomain (1ms)
		EndReloadAssembly (324ms)
			LoadAssemblies (43ms)
			RebuildTransferFunctionScriptingTraits (0ms)
			SetupTypeCache (120ms)
			ReleaseScriptCaches (0ms)
			RebuildScriptCaches (25ms)
			SetupLoadedEditorAssemblies (122ms)
				LogAssemblyErrors (0ms)
				InitializePlatformSupportModulesInManaged (3ms)
				SetLoadedEditorAssemblies (0ms)
				RefreshPlugins (22ms)
				BeforeProcessingInitializeOnLoad (5ms)
				ProcessInitializeOnLoadAttributes (68ms)
				ProcessInitializeOnLoadMethodAttributes (24ms)
				AfterProcessingInitializeOnLoad (0ms)
				EditorAssembliesLoaded (0ms)
			ExecutionOrderSort2 (0ms)
			AwakeInstancesAfterBackupRestoration (0ms)
Platform modules already initialized, skipping
Registering precompiled user dll's ...
Registered in 0.003406 seconds.
Begin MonoManager ReloadAssembly
Native extension for WindowsStandalone target not found
Refreshing native plugins compatible for Editor in 0.26 ms, found 2 plugins.
Preloading 0 native plugins for Editor in 0.00 ms.
Mono: successfully reloaded assembly
- Completed reload, in  0.821 seconds
Domain Reload Profiling:
	ReloadAssembly (822ms)
		BeginReloadAssembly (121ms)
			ExecutionOrderSort (0ms)
			DisableScriptedObjects (5ms)
			BackupInstance (0ms)
			ReleaseScriptingObjects (0ms)
			CreateAndSetChildDomain (14ms)
		EndReloadAssembly (649ms)
			LoadAssemblies (82ms)
			RebuildTransferFunctionScriptingTraits (0ms)
			SetupTypeCache (219ms)
			ReleaseScriptCaches (0ms)
			RebuildScriptCaches (32ms)
			SetupLoadedEditorAssemblies (235ms)
				LogAssemblyErrors (0ms)
				InitializePlatformSupportModulesInManaged (4ms)
				SetLoadedEditorAssemblies (0ms)
				RefreshPlugins (0ms)
				BeforeProcessingInitializeOnLoad (45ms)
				ProcessInitializeOnLoadAttributes (176ms)
				ProcessInitializeOnLoadMethodAttributes (3ms)
				AfterProcessingInitializeOnLoad (6ms)
				EditorAssembliesLoaded (0ms)
			ExecutionOrderSort2 (0ms)
			AwakeInstancesAfterBackupRestoration (5ms)
Platform modules already initialized, skipping
========================================================================
Worker process is ready to serve import requests
Launched and connected shader compiler UnityShaderCompiler.exe after 0.04 seconds
Refreshing native plugins compatible for Editor in 0.27 ms, found 2 plugins.
Preloading 0 native plugins for Editor in 0.00 ms.
Unloading 1390 Unused Serialized files (Serialized files now loaded: 0)
System memory in use before: 64.8 MB.
System memory in use after: 64.8 MB.

Unloading 19 unused Assets to reduce memory usage. Loaded Objects now: 1823.
Total: 2.606600 ms (FindLiveObjects: 0.134000 ms CreateObjectMapping: 0.036000 ms MarkObjects: 2.298300 ms  DeleteObjects: 0.137500 ms)

AssetImportParameters requested are different than current active one (requested -> active):
  custom:framework-win-MediaFoundation: 216162199b28c13a410421893ffa2e32 -> 
  custom:video-decoder-ogg-theora: a1e56fd34408186e4bbccfd4996cb3dc -> 
  custom:container-muxer-webm: aa71ff27fc2769a1b78a27578f13a17b -> 
  custom:container-demuxer-webm: 4f35f7cbe854078d1ac9338744f61a02 -> 
  custom:container-demuxer-ogg: 62fdf1f143b41e24485cea50d1cbac27 -> 
  custom:video-encoder-webm-vp8: eb34c28f22e8b96e1ab97ce403110664 -> 
  custom:video-decoder-webm-vp8: 9c59270c3fd7afecdb556c50c9e8de78 -> 
  custom:audio-decoder-ogg-vorbis: bf7c407c2cedff20999df2af8eb42d56 -> 
  custom:audio-encoder-webm-vorbis: bf7c407c2cedff20999df2af8eb42d56 -> 
========================================================================
Received Import Request.
  path: Assets
  artifactKey: Guid(00000000000000001000000000000000) Importer(815301076,1909f56bfc062723c751e8b465ee728b)
Start importing Assets using Guid(00000000000000001000000000000000) Importer(815301076,1909f56bfc062723c751e8b465ee728b)  -> (artifact id: '42d402b061de3733987d63b9cc3b64de') in 0.004786 seconds 
  Import took 0.007938 seconds .

========================================================================
Received Import Request.
  Time since last request: 4.608096 seconds.
  path: Assets/Materials
  artifactKey: Guid(b000da794f4121a4199b5f45bb39e492) Importer(815301076,1909f56bfc062723c751e8b465ee728b)
Start importing Assets/Materials using Guid(b000da794f4121a4199b5f45bb39e492) Importer(815301076,1909f56bfc062723c751e8b465ee728b)  -> (artifact id: '38c1f02152754315af8ba3a48b91ede1') in 0.002416 seconds 
  Import took 0.004712 seconds .

========================================================================
Received Import Request.
  Time since last request: 20.842027 seconds.
  path: Assets/Materials/FloorDirt.mat
  artifactKey: Guid(03bff8a6337c7fc43af9b7f9dd2fb0dc) Importer(815301076,1909f56bfc062723c751e8b465ee728b)
Start importing Assets/Materials/FloorDirt.mat using Guid(03bff8a6337c7fc43af9b7f9dd2fb0dc) Importer(815301076,1909f56bfc062723c751e8b465ee728b)  -> (artifact id: '6c2501c64bece6600a163baffb1e3b72') in 0.092647 seconds 
  Import took 0.096265 seconds .

========================================================================
Received Import Request.
  Time since last request: 226.093443 seconds.
  path: Assets/Materials/FloorDirt.mat
  artifactKey: Guid(03bff8a6337c7fc43af9b7f9dd2fb0dc) Importer(815301076,1909f56bfc062723c751e8b465ee728b)
Start importing Assets/Materials/FloorDirt.mat using Guid(03bff8a6337c7fc43af9b7f9dd2fb0dc) Importer(815301076,1909f56bfc062723c751e8b465ee728b)  -> (artifact id: '318b796dc8e9e8f339d54a197642cde6') in 0.016429 seconds 
  Import took 0.020406 seconds .

========================================================================
Received Import Request.
  Time since last request: 5.664007 seconds.
  path: Assets/Materials/Grass.mat
  artifactKey: Guid(03bff8a6337c7fc43af9b7f9dd2fb0dc) Importer(815301076,1909f56bfc062723c751e8b465ee728b)
Start importing Assets/Materials/Grass.mat using Guid(03bff8a6337c7fc43af9b7f9dd2fb0dc) Importer(815301076,1909f56bfc062723c751e8b465ee728b)  -> (artifact id: '03599580336b6dd2e305507affff7bbe') in 0.007602 seconds 
  Import took 0.011370 seconds .

========================================================================
Received Import Request.
  Time since last request: 551.548728 seconds.
  path: Assets/PreFabs
  artifactKey: Guid(74de92fedb3d93e4f9364ef0d47e5fd7) Importer(815301076,1909f56bfc062723c751e8b465ee728b)
Start importing Assets/PreFabs using Guid(74de92fedb3d93e4f9364ef0d47e5fd7) Importer(815301076,1909f56bfc062723c751e8b465ee728b)  -> (artifact id: '83d1c3af33177ba6ff0167c682e1ef1d') in 0.003420 seconds 
  Import took 0.007265 seconds .

========================================================================
Received Import Request.
  Time since last request: 9.168852 seconds.
  path: Assets/PreFabs/FloorTile.prefab
  artifactKey: Guid(c842a31fafbd3fd4c9a933b7cc31032e) Importer(815301076,1909f56bfc062723c751e8b465ee728b)
Start importing Assets/PreFabs/FloorTile.prefab using Guid(c842a31fafbd3fd4c9a933b7cc31032e) Importer(815301076,1909f56bfc062723c751e8b465ee728b)  -> (artifact id: '5c1a5d43a8a19aaf57921f6a9acd9f56') in 0.028696 seconds 
  Import took 0.030894 seconds .

========================================================================
Received Import Request.
  Time since last request: 0.004383 seconds.
  path: Assets/PreFabs/FloorTile.prefab
  artifactKey: Guid(c842a31fafbd3fd4c9a933b7cc31032e) Importer(815301076,1909f56bfc062723c751e8b465ee728b)
Start importing Assets/PreFabs/FloorTile.prefab using Guid(c842a31fafbd3fd4c9a933b7cc31032e) Importer(815301076,1909f56bfc062723c751e8b465ee728b)  -> (artifact id: '5c1a5d43a8a19aaf57921f6a9acd9f56') in 0.008403 seconds 
  Import took 0.010760 seconds .

========================================================================
Received Import Request.
  Time since last request: 446.756169 seconds.
  path: Assets/PreFabs/FloorTile.prefab
  artifactKey: Guid(c842a31fafbd3fd4c9a933b7cc31032e) Importer(815301076,1909f56bfc062723c751e8b465ee728b)
Start importing Assets/PreFabs/FloorTile.prefab using Guid(c842a31fafbd3fd4c9a933b7cc31032e) Importer(815301076,1909f56bfc062723c751e8b465ee728b)  -> (artifact id: '53c8c55cad164c480361807560589d09') in 0.012052 seconds 
  Import took 0.016871 seconds .

========================================================================
Received Prepare
Registering precompiled user dll's ...
Registered in 0.003115 seconds.
Begin MonoManager ReloadAssembly
Native extension for WindowsStandalone target not found
Refreshing native plugins compatible for Editor in 0.26 ms, found 2 plugins.
Preloading 0 native plugins for Editor in 0.00 ms.
Mono: successfully reloaded assembly
- Completed reload, in  0.728 seconds
Domain Reload Profiling:
	ReloadAssembly (728ms)
		BeginReloadAssembly (88ms)
			ExecutionOrderSort (0ms)
			DisableScriptedObjects (3ms)
			BackupInstance (0ms)
			ReleaseScriptingObjects (0ms)
			CreateAndSetChildDomain (24ms)
		EndReloadAssembly (590ms)
			LoadAssemblies (66ms)
			RebuildTransferFunctionScriptingTraits (0ms)
			SetupTypeCache (211ms)
			ReleaseScriptCaches (1ms)
			RebuildScriptCaches (28ms)
			SetupLoadedEditorAssemblies (213ms)
				LogAssemblyErrors (0ms)
				InitializePlatformSupportModulesInManaged (4ms)
				SetLoadedEditorAssemblies (0ms)
				RefreshPlugins (0ms)
				BeforeProcessingInitializeOnLoad (37ms)
				ProcessInitializeOnLoadAttributes (162ms)
				ProcessInitializeOnLoadMethodAttributes (3ms)
				AfterProcessingInitializeOnLoad (6ms)
				EditorAssembliesLoaded (0ms)
			ExecutionOrderSort2 (0ms)
			AwakeInstancesAfterBackupRestoration (5ms)
Platform modules already initialized, skipping
Refreshing native plugins compatible for Editor in 0.26 ms, found 2 plugins.
Preloading 0 native plugins for Editor in 0.00 ms.
Unloading 1385 Unused Serialized files (Serialized files now loaded: 0)
System memory in use before: 68.1 MB.
System memory in use after: 68.1 MB.

Unloading 14 unused Assets to reduce memory usage. Loaded Objects now: 1867.
Total: 1.777300 ms (FindLiveObjects: 0.115200 ms CreateObjectMapping: 0.036900 ms MarkObjects: 1.586300 ms  DeleteObjects: 0.038100 ms)

AssetImportParameters requested are different than current active one (requested -> active):
  custom:framework-win-MediaFoundation: 216162199b28c13a410421893ffa2e32 -> 
  custom:video-decoder-ogg-theora: a1e56fd34408186e4bbccfd4996cb3dc -> 
  custom:container-muxer-webm: aa71ff27fc2769a1b78a27578f13a17b -> 
  custom:container-demuxer-webm: 4f35f7cbe854078d1ac9338744f61a02 -> 
  custom:container-demuxer-ogg: 62fdf1f143b41e24485cea50d1cbac27 -> 
  custom:video-encoder-webm-vp8: eb34c28f22e8b96e1ab97ce403110664 -> 
  custom:video-decoder-webm-vp8: 9c59270c3fd7afecdb556c50c9e8de78 -> 
  custom:audio-decoder-ogg-vorbis: bf7c407c2cedff20999df2af8eb42d56 -> 
  custom:audio-encoder-webm-vorbis: bf7c407c2cedff20999df2af8eb42d56 -> 
AssetImportWorkerClient::OnTransportError - code=2 error=End of file
